Arguments: 
  C:\Programs\NodeJS\node.exe C:\Users\plaho\AppData\Roaming\npm\node_modules\yarn\bin\yarn.js add mocha

PATH: 
  C:\Program Files (x86)\Common Files\Intel\Shared Libraries\redist\intel64\compiler;C:\ProgramData\Oracle\Java\javapath;C:\Program Files\NVIDIA GPU Computing Toolkit\CUDA\v11.6\bin;C:\Program Files\NVIDIA GPU Computing Toolkit\CUDA\v11.6\libnvvp;C:\Program Files (x86)\Intel\Intel(R) Management Engine Components\iCLS\;C:\Program Files\Intel\Intel(R) Management Engine Components\iCLS\;C:\WINDOWS\system32;C:\WINDOWS;C:\WINDOWS\System32\Wbem;C:\WINDOWS\System32\WindowsPowerShell\v1.0\;C:\WINDOWS\System32\OpenSSH\;C:\Program Files (x86)\Wolfram Research\WolframScript\;C:\Program Files\PuTTY\;C:\Program Files (x86)\Intel\Intel(R) Management Engine Components\DAL;C:\Program Files\Intel\Intel(R) Management Engine Components\DAL;C:\Program Files (x86)\Intel\Intel(R) Management Engine Components\IPT;C:\Program Files\Intel\Intel(R) Management Engine Components\IPT;C:\Program Files\NVIDIA Corporation\NVIDIA NvDLISR;C:\Programs\CodeBlocks\MinGW\bin\;C:\Programs\NodeJS\;C:\Program Files (x86)\NVIDIA Corporation\PhysX\Common;C:\Program Files\NVIDIA Corporation\Nsight Compute 2022.1.0\;C:\Program Files\Git\cmd;C:\WINDOWS\system32;C:\WINDOWS;C:\WINDOWS\System32\Wbem;C:\WINDOWS\System32\WindowsPowerShell\v1.0\;C:\WINDOWS\System32\OpenSSH\;C:\Program Files\gs\gs9.56.1\bin;C:\Users\plaho\AppData\Local\Microsoft\WindowsApps;C:\Programs\IntelliJ IDEA Community Edition 2019.2.1\bin;;C:\Program Files\JetBrains\WebStorm 2022.1.3\bin;;C:\Users\plaho\AppData\Local\Programs\Microsoft VS Code\bin;C:\Program Files\JetBrains\PhpStorm 2020.3.1\bin;;C:\Users\plaho\Documents\flutter\bin;C:\Users\plaho\AppData\Roaming\npm;

Yarn version: 
  1.22.19

Node version: 
  16.13.2

Platform: 
  win32 x64

Trace: 
  SyntaxError: C:\Study\4course\moderntech\mpt_4\packages\loud1y\package.json: Unexpected string in JSON at position 199
      at JSON.parse (<anonymous>)
      at C:\Users\plaho\AppData\Roaming\npm\node_modules\yarn\lib\cli.js:1629:59
      at Generator.next (<anonymous>)
      at step (C:\Users\plaho\AppData\Roaming\npm\node_modules\yarn\lib\cli.js:310:30)
      at C:\Users\plaho\AppData\Roaming\npm\node_modules\yarn\lib\cli.js:321:13

npm manifest: 
  {
      "name": "mpt4_by_loud1y",
      "version": "1.0.0",
      "main": "index.js",
      "repository": "https://github.com/loud1y/mpt_4.git",
      "author": "gavrilindn & loud1y",
      "license": "MIT"
      "scripts": {
          "test": "mocha",
          "start": ""
      }
  }

yarn manifest: 
  No manifest

Lockfile: 
  No lockfile
